[2026-02-26 15:56:40] 开始获取指数数据
[2026-02-26 15:56:41] 开始获取指数数据 - 2026-02-26 15:56:41
[2026-02-26 15:56:41] ✓ 数据库表初始化完成
[2026-02-26 15:56:41]   需要补全的日期: ['2026-02-26', '2026-02-25']
[2026-02-26 15:56:41]   获取 2026-02-26 数据...
[2026-02-26 15:56:41]     上证指数(000001) 2026-02-26 无数据
[2026-02-26 15:56:42]     深证成指(399001) 2026-02-26 无数据
[2026-02-26 15:56:42]     创业板指(399006) 2026-02-26 无数据
[2026-02-26 15:56:42]     上证50(000016) 2026-02-26 无数据
[2026-02-26 15:56:43]     沪深300(000300) 2026-02-26 无数据
[2026-02-26 15:56:43]     中证500(000905) 2026-02-26 无数据
[2026-02-26 15:56:43]     科创50(000688) 2026-02-26 无数据
[2026-02-26 15:56:44]     中小板指(399005) 2026-02-26 无数据
[2026-02-26 15:56:44]     上证180(000010) 2026-02-26 无数据
[2026-02-26 15:56:44]   2026-02-26: 成功 0/9
[2026-02-26 15:56:45]   获取 2026-02-25 数据...
[2026-02-26 15:56:49]   2026-02-25: 成功 9/9
[2026-02-26 15:56:50] 完成
[2026-02-26 15:56:50] 统计：今天(2026-02-26) 0 条，昨天(2026-02-25) 9 条
[2026-02-26 16:58:01] 开始获取指数数据
[2026-02-26 16:58:01] 开始获取指数数据 - 2026-02-26 16:58:01
[2026-02-26 16:58:01] ✓ 数据库表初始化完成
[2026-02-26 16:58:01]   需要补全的日期: ['2026-02-26', '2026-02-25']
[2026-02-26 16:58:01]   获取 2026-02-26 数据...
[2026-02-26 16:58:02]     上证指数(000001) 2026-02-26 无数据
[2026-02-26 16:58:02]     深证成指(399001) 2026-02-26 无数据
[2026-02-26 16:58:02]     创业板指(399006) 2026-02-26 无数据
[2026-02-26 16:58:03]     上证50(000016) 2026-02-26 无数据
[2026-02-26 16:58:03]     沪深300(000300) 2026-02-26 无数据
[2026-02-26 16:58:03]     中证500(000905) 2026-02-26 无数据
[2026-02-26 16:58:04]     科创50(000688) 2026-02-26 无数据
[2026-02-26 16:58:04]     中小板指(399005) 2026-02-26 无数据
[2026-02-26 16:58:04]     上证180(000010) 2026-02-26 无数据
[2026-02-26 16:58:04]   2026-02-26: 成功 0/9
[2026-02-26 16:58:05]   获取 2026-02-25 数据...
[2026-02-26 16:58:09]   2026-02-25: 成功 9/9
[2026-02-26 16:58:10] 完成
[2026-02-26 16:58:10] 统计：今天(2026-02-26) 0 条，昨天(2026-02-25) 9 条
