[2026-02-25 18:37:42] 开始获取龙虎榜和资金流向数据
[2026-02-25 18:37:43] 开始获取龙虎榜和资金流向 - 2026-02-25 18:37:43
[2026-02-25 18:37:43]   需要补全的日期: ['2026-02-25', '2026-02-24', '2026-02-23', '2026-02-22', '2026-02-21']
[2026-02-25 18:37:43]   获取 2026-02-25 龙虎榜和资金流向...
[2026-02-25 18:37:43]     龙虎榜失败: Execution failed
[2026-02-25 18:37:44]     板块资金流向失败: ('Connection aborted.', RemoteDisconnected('Remote end closed connection without response'))
[2026-02-25 18:37:44]   2026-02-25: 共 0 条
[2026-02-25 18:37:45]   获取 2026-02-24 龙虎榜和资金流向...
[2026-02-25 18:37:45]     龙虎榜失败: Execution failed
[2026-02-25 18:37:46]     板块资金流向失败: ('Connection aborted.', RemoteDisconnected('Remote end closed connection without response'))
[2026-02-25 18:37:46]   2026-02-24: 共 0 条
[2026-02-25 18:37:47]   获取 2026-02-23 龙虎榜和资金流向...
[2026-02-25 18:37:47]     龙虎榜失败: '股票代码'
[2026-02-25 18:37:48]     板块资金流向失败: ('Connection aborted.', RemoteDisconnected('Remote end closed connection without response'))
[2026-02-25 18:37:48]   2026-02-23: 共 0 条
[2026-02-25 18:37:49]   获取 2026-02-22 龙虎榜和资金流向...
[2026-02-25 18:37:49]     龙虎榜失败: '股票代码'
[2026-02-25 18:37:49]     板块资金流向失败: ('Connection aborted.', RemoteDisconnected('Remote end closed connection without response'))
[2026-02-25 18:37:49]   2026-02-22: 共 0 条
[2026-02-25 18:37:50]   获取 2026-02-21 龙虎榜和资金流向...
[2026-02-25 18:37:50]     龙虎榜失败: '股票代码'
[2026-02-25 18:37:51]     板块资金流向失败: ('Connection aborted.', RemoteDisconnected('Remote end closed connection without response'))
[2026-02-25 18:37:51]   2026-02-21: 共 0 条
[2026-02-25 18:37:52] 完成
