[2026-02-25 17:03:03] 开始个股数据同步
[2026-02-25 17:03:04] 开始同步个股数据 - 2026-02-25 17:03:04
[2026-02-25 17:03:09]   需要补全的日期: ['2026-02-23', '2026-02-22', '2026-02-21']
[2026-02-25 17:03:09]   同步 2026-02-23 数据...
[2026-02-25 17:03:09]     2026-02-23 MySQL无数据
[2026-02-25 17:03:09]   同步 2026-02-22 数据...
[2026-02-25 17:03:09]     2026-02-22 MySQL无数据
[2026-02-25 17:03:09]   同步 2026-02-21 数据...
[2026-02-25 17:03:09]     2026-02-21 MySQL无数据
[2026-02-25 17:03:09] 完成
[2026-02-25 17:03:09] 个股数据同步失败
[2026-02-25 17:13:11] 开始个股数据同步
[2026-02-25 17:13:11] 开始同步个股数据 - 2026-02-25 17:13:11
[2026-02-25 17:13:16]   需要补全的日期: ['2026-02-23', '2026-02-22', '2026-02-21']
[2026-02-25 17:13:16]   同步 2026-02-23 数据...
[2026-02-25 17:13:16]     2026-02-23 MySQL无数据
[2026-02-25 17:13:16]   同步 2026-02-22 数据...
[2026-02-25 17:13:16]     2026-02-22 MySQL无数据
[2026-02-25 17:13:16]   同步 2026-02-21 数据...
[2026-02-25 17:13:16]     2026-02-21 MySQL无数据
[2026-02-25 17:13:16] 完成
[2026-02-25 17:23:18] 开始个股数据同步
[2026-02-25 17:23:18] 开始同步个股数据 - 2026-02-25 17:23:18
[2026-02-25 17:23:23]   需要补全的日期: ['2026-02-23', '2026-02-22', '2026-02-21']
[2026-02-25 17:23:23]   同步 2026-02-23 数据...
[2026-02-25 17:23:23]     2026-02-23 MySQL无数据
[2026-02-25 17:23:23]   同步 2026-02-22 数据...
[2026-02-25 17:23:23]     2026-02-22 MySQL无数据
[2026-02-25 17:23:23]   同步 2026-02-21 数据...
[2026-02-25 17:23:23]     2026-02-21 MySQL无数据
[2026-02-25 17:23:23] 完成，0 个日期有数据
[2026-02-25 17:26:25] 开始个股数据同步
[2026-02-25 17:26:25] 开始同步个股数据 - 2026-02-25 17:26:25
[2026-02-25 17:26:30]   需要补全的日期: ['2026-02-23', '2026-02-22', '2026-02-21']
[2026-02-25 17:26:30]   同步 2026-02-23 数据...
[2026-02-25 17:26:30]     2026-02-23 MySQL无数据
[2026-02-25 17:26:30]   同步 2026-02-22 数据...
[2026-02-25 17:26:30]     2026-02-22 MySQL无数据
[2026-02-25 17:26:30]   同步 2026-02-21 数据...
[2026-02-25 17:26:30]     2026-02-21 MySQL无数据
[2026-02-25 17:26:30] 完成，0 个日期有数据
[2026-02-25 17:28:32] 开始个股数据同步
[2026-02-25 17:28:32] 开始同步个股数据 - 2026-02-25 17:28:32
[2026-02-25 17:28:37]   需要补全的日期: ['2026-02-23', '2026-02-22', '2026-02-21']
[2026-02-25 17:28:37]   同步 2026-02-23 数据...
[2026-02-25 17:28:37]     2026-02-23 MySQL无数据
[2026-02-25 17:28:37]   同步 2026-02-22 数据...
[2026-02-25 17:28:37]     2026-02-22 MySQL无数据
[2026-02-25 17:28:37]   同步 2026-02-21 数据...
[2026-02-25 17:28:37]     2026-02-21 MySQL无数据
[2026-02-25 17:28:37] 完成，0 个日期有数据
[2026-02-25 17:36:36] 开始个股数据同步
[2026-02-25 17:36:37] 开始同步个股数据 - 2026-02-25 17:36:37
[2026-02-25 17:36:42]   需要补全的日期: ['2026-02-23', '2026-02-22', '2026-02-21']
[2026-02-25 17:36:42]   同步 2026-02-23 数据...
[2026-02-25 17:36:42]     2026-02-23 MySQL无数据
[2026-02-25 17:36:42]   同步 2026-02-22 数据...
[2026-02-25 17:36:42]     2026-02-22 MySQL无数据
[2026-02-25 17:36:42]   同步 2026-02-21 数据...
[2026-02-25 17:36:42]     2026-02-21 MySQL无数据
[2026-02-25 17:36:42] 完成，0 个日期有数据
[2026-02-25 17:38:53] 开始个股数据同步
[2026-02-25 17:38:53] 开始同步个股数据 - 2026-02-25 17:38:53
[2026-02-25 17:38:58]   需要补全的日期: ['2026-02-23', '2026-02-22', '2026-02-21']
[2026-02-25 17:38:58]   同步 2026-02-23 数据...
[2026-02-25 17:38:58]     2026-02-23 MySQL无数据
[2026-02-25 17:38:58]   同步 2026-02-22 数据...
[2026-02-25 17:38:58]     2026-02-22 MySQL无数据
[2026-02-25 17:38:58]   同步 2026-02-21 数据...
[2026-02-25 17:38:58]     2026-02-21 MySQL无数据
[2026-02-25 17:38:58] 完成，0 个日期有数据
[2026-02-25 17:46:38] 开始个股数据同步
[2026-02-25 17:46:38] 开始同步个股数据 - 2026-02-25 17:46:38
[2026-02-25 17:46:43]   需要补全的日期: ['2026-02-23', '2026-02-22', '2026-02-21']
[2026-02-25 17:46:43]   同步 2026-02-23 数据...
[2026-02-25 17:46:43]     2026-02-23 MySQL无数据
[2026-02-25 17:46:43]   同步 2026-02-22 数据...
[2026-02-25 17:46:43]     2026-02-22 MySQL无数据
[2026-02-25 17:46:43]   同步 2026-02-21 数据...
[2026-02-25 17:46:43]     2026-02-21 MySQL无数据
[2026-02-25 17:46:43] 完成，0 个日期有数据
[2026-02-25 17:48:51] 开始个股数据同步
[2026-02-25 17:48:52] 开始同步个股数据 - 2026-02-25 17:48:52
[2026-02-25 17:48:57]   需要补全的日期: ['2026-02-23', '2026-02-22', '2026-02-21']
[2026-02-25 17:48:57]   同步 2026-02-23 数据...
[2026-02-25 17:48:57]     2026-02-23 MySQL无数据
[2026-02-25 17:48:57]   同步 2026-02-22 数据...
[2026-02-25 17:48:57]     2026-02-22 MySQL无数据
[2026-02-25 17:48:57]   同步 2026-02-21 数据...
[2026-02-25 17:48:57]     2026-02-21 MySQL无数据
[2026-02-25 17:48:57] 完成，0 个日期有数据
[2026-02-25 17:51:18] 开始个股数据同步
[2026-02-25 17:51:18] 开始同步个股数据 - 2026-02-25 17:51:18
[2026-02-25 17:51:23]   需要补全的日期: ['2026-02-23', '2026-02-22', '2026-02-21']
[2026-02-25 17:51:23]   同步 2026-02-23 数据...
[2026-02-25 17:51:23]     2026-02-23 MySQL无数据
[2026-02-25 17:51:23]   同步 2026-02-22 数据...
[2026-02-25 17:51:23]     2026-02-22 MySQL无数据
[2026-02-25 17:51:23]   同步 2026-02-21 数据...
[2026-02-25 17:51:23]     2026-02-21 MySQL无数据
[2026-02-25 17:51:23] 完成，0 个日期有数据
[2026-02-25 17:58:19] 开始个股数据同步
[2026-02-25 17:58:19] 开始同步个股数据 - 2026-02-25 17:58:19
[2026-02-25 17:58:25]   需要补全的日期: ['2026-02-23', '2026-02-22', '2026-02-21']
[2026-02-25 17:58:25]   同步 2026-02-23 数据...
[2026-02-25 17:58:25]     2026-02-23 MySQL无数据
[2026-02-25 17:58:25]   同步 2026-02-22 数据...
[2026-02-25 17:58:25]     2026-02-22 MySQL无数据
[2026-02-25 17:58:25]   同步 2026-02-21 数据...
[2026-02-25 17:58:25]     2026-02-21 MySQL无数据
[2026-02-25 17:58:25] 完成，0 个日期有数据
[2026-02-25 17:58:25] 统计：今天(2026-02-25) 5177 条，昨天(2026-02-24) 5180 条
[2026-02-25 17:58:25] 说明：3 只股票今天无数据（可能停牌/退市）
[2026-02-25 18:00:07] 开始个股数据同步
[2026-02-25 18:00:07] 开始同步个股数据 - 2026-02-25 18:00:07
[2026-02-25 18:00:12]   需要补全的日期: ['2026-02-23', '2026-02-22', '2026-02-21']
[2026-02-25 18:00:12]   同步 2026-02-23 数据...
[2026-02-25 18:00:12]     2026-02-23 MySQL无数据
[2026-02-25 18:00:12]   同步 2026-02-22 数据...
[2026-02-25 18:00:12]     2026-02-22 MySQL无数据
[2026-02-25 18:00:12]   同步 2026-02-21 数据...
[2026-02-25 18:00:12]     2026-02-21 MySQL无数据
[2026-02-25 18:00:12] 完成，0 个日期有数据
[2026-02-25 18:00:12] 统计：今天(2026-02-25) 5177 条，昨天(2026-02-24) 5180 条
[2026-02-25 18:00:12] 说明：3 只股票今天无数据（可能停牌/退市）
