[2026-02-25 15:10:01] 开始MA50占比计算

============================================================
MA50占比每日计算 - 2026-02-25 15:10:02
============================================================

今日(2026-02-25)MA50数据尚未生成，跳过
计算失败，退出
[2026-02-25 15:10:02] Python脚本执行失败
[2026-02-25 16:41:07] 开始MA50占比计算

============================================================
MA50占比每日计算 - 2026-02-25 16:41:07
============================================================

今日(2026-02-25)MA50数据尚未生成，跳过
计算失败，退出
[2026-02-25 16:41:07] Python脚本执行失败
[2026-02-25 16:41:13] 开始MA50占比计算

============================================================
MA50占比每日计算 - 2026-02-25 16:41:14
============================================================

今日(2026-02-25)MA50数据尚未生成，跳过
计算失败，退出
[2026-02-25 16:41:14] Python脚本执行失败
[2026-02-25 18:11:16] 开始MA50占比计算

============================================================
MA50占比每日计算 - 2026-02-25 18:11:17
============================================================

今日(2026-02-25)MA50数据尚未生成，跳过
计算失败，退出
[2026-02-25 18:19:22] 开始MA50占比计算

============================================================
MA50占比每日计算 - 2026-02-25 18:19:23
============================================================

今日(2026-02-25)MA50数据已存在，跳过计算
2026-02-25 MA50占比: 71.46% (3684/5155)
已写入数据库: 2026-02-25 = 71.46% (ma50_percent)
图表已保存: /root/.openclaw/workspace/stock/dx/data/ma50_ratio_daily.png

============================================================
统计：
  今天MA50占比：71.46% （较昨日+3.94%）
  今天情绪指数：N/A
  昨天MA50占比：67.53%
============================================================

