========================================
[Sat Mar 14 11:30:03 AM CST 2026] Memory 归档开始
[Sat Mar 14 11:30:03 AM CST 2026] 归档 7 天前的 memory 文件...
  归档: daily-preview-2026-03-02.md
  归档: 2026-02-23.md
  归档: EVOMAP_INHERITANCE.md
  归档: 2026-03-03.md
  归档: MA50_task_architecture.md
  归档: daily-summary-2026-03-01.md
  归档: 2026-03-03-self-criticism.md
  归档: 2026-02-22.md
  归档: trade_psychology.md
  归档: trade_dialogues.md
  归档: 2026-03-03.md
  归档: trade_assistant_laoer.md
  归档: 2026-02-25.md
  归档: 2026-03-03-accountC.md
  归档: 2026-03-03-accountAB.md
  归档: 2026-02-25.md
  归档: 2026-03-04.md
  归档: 2026-03-05.md
  归档: 2026-03-01.md
  归档: 2026-03-02.md
  归档: 2026-02-24.md
  归档: MEMORY-CONFIG.md
  归档: AUTOMATION-WORKFLOWS.md
  归档: 2026-02-28.md
  归档: task-config-lessons-learned.md
[Sat Mar 14 11:30:03 AM CST 2026] 检查 ERROR_PREVENTION.md 大小...
  文件过大 (7671 字节)，需要归档
  已精简到最近 5 条记录
[Sat Mar 14 11:30:03 AM CST 2026] 清理 30 天前的归档...
[Sat Mar 14 11:30:03 AM CST 2026] 归档完成
========================================
========================================
[Sat Mar 14 11:32:02 AM CST 2026] Memory 归档开始
  ERROR_PREVENTION.md 已归档 (7834 字节)
[Sat Mar 14 11:32:02 AM CST 2026] 归档完成
