========================================
[Fri Mar 13 10:20:00 AM CST 2026] 脚本备份开始
[Fri Mar 13 10:20:00 AM CST 2026] 克隆GitHub仓库...
Cloning into '/tmp/openclaw-scripts-backup'...
[Fri Mar 13 10:20:05 AM CST 2026] 复制文件到各目录...
  core-scripts: 10 个文件
  a-share: 10 个文件
  stock-plan: 9 个脚本
  etf-indicators: 9 个文件
  docs: 2 个文件
[Fri Mar 13 10:20:05 AM CST 2026] 没有变更需要提交
[Fri Mar 13 10:20:05 AM CST 2026] 备份流程结束
========================================
========================================
[Fri Mar 13 10:22:07 AM CST 2026] 脚本备份开始
[Fri Mar 13 10:22:07 AM CST 2026] 克隆GitHub仓库...
Cloning into '/tmp/openclaw-scripts-backup'...
[Fri Mar 13 10:22:15 AM CST 2026] 复制文件到各目录...
  core-scripts: 10 个文件
  a-share: 11 个文件
  stock-plan: 9 个脚本
  etf-indicators: 9 个文件
  docs: 2 个文件
[Fri Mar 13 10:22:15 AM CST 2026] 没有变更需要提交
[Fri Mar 13 10:22:15 AM CST 2026] 备份流程结束
========================================
========================================
[Fri Mar 13 10:43:47 AM CST 2026] 脚本备份开始
[Fri Mar 13 10:43:47 AM CST 2026] 克隆GitHub仓库...
Cloning into '/tmp/openclaw-scripts-backup'...
[Fri Mar 13 10:43:54 AM CST 2026] 复制文件到各目录...
  core-scripts: 10 个文件
  a-share: 11 个文件
  stock-plan: 9 个脚本
  etf-indicators: 9 个文件
  docs: 2 个文件
  memory: 1 个文件
  wal: 3 个文件
  archive: 6 个文件
[Fri Mar 13 10:43:55 AM CST 2026] 没有变更需要提交
[Fri Mar 13 10:43:55 AM CST 2026] 备份流程结束
========================================
========================================
[Fri Mar 13 11:23:10 PM CST 2026] 脚本备份开始
[Fri Mar 13 11:23:10 PM CST 2026] 克隆GitHub仓库...
Cloning into '/tmp/openclaw-scripts-backup'...
[Fri Mar 13 11:23:23 PM CST 2026] 复制文件到各目录...
  core-scripts: 10 个文件
  a-share: 11 个文件
  stock-plan: 9 个脚本
  etf-indicators: 12 个文件
  docs: 2 个文件
  memory: 1 个文件
  wal: 3 个文件
  archive: 6 个文件
[Fri Mar 13 11:23:23 PM CST 2026] 没有变更需要提交
[Fri Mar 13 11:23:23 PM CST 2026] 备份流程结束
========================================
========================================
[Fri Mar 13 11:30:18 PM CST 2026] 脚本备份开始
[Fri Mar 13 11:30:18 PM CST 2026] 克隆GitHub仓库...
Cloning into '/tmp/openclaw-scripts-backup'...
[Fri Mar 13 11:30:33 PM CST 2026] 复制文件到各目录...
  core-scripts: 10 个文件
  a-share: 11 个文件
  stock-plan: 9 个脚本
  etf-indicators: 12 个文件
  docs: 2 个文件
  memory: 1 个文件
  wal: 3 个文件
  archive: 6 个文件
To github.com:LionGG/claw.git
   aa85f06..6455f2f  main -> main
[Fri Mar 13 11:30:38 PM CST 2026] 脚本备份完成并推送到GitHub
[Fri Mar 13 11:30:38 PM CST 2026] 备份流程结束
========================================
========================================
[Sat Mar 14 10:48:28 AM CST 2026] 脚本备份开始
[Sat Mar 14 10:48:28 AM CST 2026] 克隆GitHub仓库...
Cloning into '/tmp/openclaw-scripts-backup'...
[Sat Mar 14 10:48:36 AM CST 2026] 复制文件到各目录...
  core-scripts: 10 个文件
  a-share: 11 个文件
  stock-plan: 9 个脚本
  etf-indicators: 12 个文件
  docs: 2 个文件
  memory: 1 个文件
  wal: 3 个文件
  archive: 6 个文件
To github.com:LionGG/claw.git
   dd7b4bd..dfe7ce8  main -> main
[Sat Mar 14 10:48:41 AM CST 2026] 脚本备份完成并推送到GitHub
[Sat Mar 14 10:48:41 AM CST 2026] 备份流程结束
========================================
========================================
[Sun Mar 15 02:06:10 PM CST 2026] 脚本备份开始
[Sun Mar 15 02:06:10 PM CST 2026] 克隆GitHub仓库...
Cloning into '/tmp/openclaw-scripts-backup'...
[Sun Mar 15 02:06:23 PM CST 2026] 复制文件到各目录...
  core-scripts: 10 个文件
  a-share: 11 个文件
  stock-plan: 9 个脚本
  etf-indicators: 12 个文件
  docs: 2 个文件
  memory: 1 个文件
  wal: 3 个文件
  archive: 6 个文件
To github.com:LionGG/claw.git
   3614de6..e1fe387  main -> main
[Sun Mar 15 02:06:28 PM CST 2026] 脚本备份完成并推送到GitHub
[Sun Mar 15 02:06:28 PM CST 2026] 备份流程结束
========================================
