========================================
[2026-03-14 10:53:52] 综合清理归档启动
========================================

[2026-03-14 10:53:52] 【阶段1】轻量级日志清理...
  ✓ OpenClaw日志清理完成（保留3天，当前剩余: 2）
  ✓ Python缓存清理完成

[2026-03-14 10:53:52] 【阶段2】全量归档清理...
  - stock/dx/temp 无文件需要归档
  - memory/temp 无文件需要归档
  ✓ Skills备份文件归档完成（0 个文件）
  ✓ 备份文件清理完成

[2026-03-14 10:53:52] 清理归档完成
  - 归档目录: /root/.openclaw/workspace/archive/20260314
  - 归档文件数: 0
========================================

========================================
[2026-03-15 11:28:53] 综合清理归档启动
========================================

[2026-03-15 11:28:53] 【阶段1】轻量级日志清理...
  ✓ OpenClaw日志清理完成（保留3天，当前剩余: 2）
  ✓ Python缓存清理完成

[2026-03-15 11:28:53] 【阶段2】全量归档清理...
  - stock/dx/temp 无文件需要归档
  - memory/temp 无文件需要归档
  ✓ Skills备份文件归档完成（0 个文件）
  ✓ 备份文件清理完成

[2026-03-15 11:28:53] 清理归档完成
  - 归档目录: /root/.openclaw/workspace/archive/20260315
  - 归档文件数: 0
========================================

========================================
[2026-03-15 11:29:19] 综合清理归档启动
========================================

[2026-03-15 11:29:19] 【阶段1】轻量级日志清理...
  ✓ OpenClaw日志清理完成（保留3天，当前剩余: 2）
  ✓ Python缓存清理完成

[2026-03-15 11:29:19] 【阶段2】全量归档清理...
  - stock/dx/temp 无文件需要归档
  - memory/temp 无文件需要归档
  ✓ Skills备份文件归档完成（0 个文件）
  ✓ 备份文件清理完成

[2026-03-15 11:29:19] 清理归档完成
  - 归档目录: /root/.openclaw/workspace/archive/20260315
  - 归档文件数: 0
========================================

========================================
[2026-03-15 11:29:48] 综合清理归档启动
========================================

[2026-03-15 11:29:48] 【阶段1】轻量级日志清理...
  ✓ OpenClaw日志清理完成（保留3天，当前剩余: 2）
  ✓ Python缓存清理完成

[2026-03-15 11:29:48] 【阶段2】全量归档清理...
  - stock/dx/temp 无文件需要归档
  - memory/temp 无文件需要归档
  ✓ Skills备份文件归档完成（0 个文件）
  ✓ 备份文件清理完成

[2026-03-15 11:29:48] 清理归档完成
  - 归档目录: /root/.openclaw/workspace/archive/20260315
  - 归档文件数: 0
========================================

