----------------------------------------
Exception occurred during processing of request from ('127.0.0.1', 33616)
Traceback (most recent call last):
  File "/usr/lib/python3.12/socketserver.py", line 318, in _handle_request_noblock
    self.process_request(request, client_address)
  File "/usr/lib/python3.12/socketserver.py", line 349, in process_request
    self.finish_request(request, client_address)
  File "/usr/lib/python3.12/socketserver.py", line 362, in finish_request
    self.RequestHandlerClass(request, client_address, self)
  File "/usr/lib/python3.12/socketserver.py", line 761, in __init__
    self.handle()
  File "/usr/lib/python3.12/http/server.py", line 436, in handle
    self.handle_one_request()
  File "/usr/lib/python3.12/http/server.py", line 424, in handle_one_request
    method()
  File "/root/.openclaw/workspace/webhook_server.py", line 53, in do_POST
    self.wfile.write(json.dumps({"error": "Not found"}).encode())
  File "/usr/lib/python3.12/socketserver.py", line 840, in write
    self._sock.sendall(b)
BrokenPipeError: [Errno 32] Broken pipe
----------------------------------------
----------------------------------------
Exception occurred during processing of request from ('127.0.0.1', 53100)
Traceback (most recent call last):
  File "/usr/lib/python3.12/socketserver.py", line 318, in _handle_request_noblock
    self.process_request(request, client_address)
  File "/usr/lib/python3.12/socketserver.py", line 349, in process_request
    self.finish_request(request, client_address)
  File "/usr/lib/python3.12/socketserver.py", line 362, in finish_request
    self.RequestHandlerClass(request, client_address, self)
  File "/usr/lib/python3.12/socketserver.py", line 761, in __init__
    self.handle()
  File "/usr/lib/python3.12/http/server.py", line 436, in handle
    self.handle_one_request()
  File "/usr/lib/python3.12/http/server.py", line 424, in handle_one_request
    method()
  File "/root/.openclaw/workspace/webhook_server.py", line 53, in do_POST
    self.wfile.write(json.dumps({"error": "Not found"}).encode())
  File "/usr/lib/python3.12/socketserver.py", line 840, in write
    self._sock.sendall(b)
BrokenPipeError: [Errno 32] Broken pipe
----------------------------------------
